<?xml version="1.0" encoding="UTF-8"?>
<!-- Generated by org.testng.reporters.JUnitReportReporter -->
<testsuite hostname="HINMAA050077" name="eSalesTest.Calendar" tests="1" failures="0" timestamp="10 Aug 2016 12:48:18 GMT" time="15.350" errors="0">
  <testcase name="testJQueryDatePicket" time="15.350" classname="eSalesTest.Calendar"/>
</testsuite> <!-- eSalesTest.Calendar -->
