<?xml version="1.0" encoding="UTF-8"?>
<!-- Generated by org.testng.reporters.JUnitReportReporter -->
<testsuite hostname="HINMAA050077" name="MasterTest.Listenerstest" tests="1" failures="0" timestamp="18 Jul 2016 05:10:53 GMT" time="0.020" errors="0">
  <testcase name="sss" time="0.020" classname="MasterTest.Listenerstest"/>
</testsuite> <!-- MasterTest.Listenerstest -->
