<?xml version="1.0" encoding="UTF-8"?>
<!-- Generated by org.testng.reporters.JUnitReportReporter -->
<testsuite hostname="HINMAA050077" name="MasterTest.Loginvalid" tests="2" failures="0" timestamp="19 Jul 2016 05:27:26 GMT" time="6.185" errors="0">
  <testcase name="Loginasvalid" time="1.687" classname="MasterTest.Loginvalid"/>
  <testcase name="Loginasvalid" time="4.498" classname="MasterTest.Loginvalid"/>
</testsuite> <!-- MasterTest.Loginvalid -->
