<?xml version="1.0" encoding="UTF-8"?>
<!-- Generated by org.testng.reporters.JUnitReportReporter -->
<testsuite hostname="HINMAA050077" name="MasterTest.logininvalid" tests="1" failures="0" timestamp="19 Jul 2016 16:23:22 GMT" time="0.732" errors="0">
  <testcase name="ss" time="0.732" classname="MasterTest.logininvalid"/>
</testsuite> <!-- MasterTest.logininvalid -->
